Arguments: 
  /usr/local/bin/node /usr/local/bin/yarn add express mongoose cors dotenv jsonwebtoken bcrypt express-session cookie-parser @hapi-joi

PATH: 
  /usr/local/sbin:/usr/local/bin:/usr/sbin:/usr/bin:/sbin:/bin:/usr/games:/usr/local/games:/snap/bin

Yarn version: 
  1.22.17

Node version: 
  16.14.2

Platform: 
  linux x64

Trace: 
  Error: https://registry.yarnpkg.com/@hapi-joi: Request "https://registry.yarnpkg.com/@hapi-joi" returned a 405
      at Request.params.callback [as _callback] (/usr/local/lib/node_modules/yarn/lib/cli.js:67038:18)
      at Request.self.callback (/usr/local/lib/node_modules/yarn/lib/cli.js:140883:22)
      at Request.emit (node:events:526:28)
      at Request.<anonymous> (/usr/local/lib/node_modules/yarn/lib/cli.js:141855:10)
      at Request.emit (node:events:526:28)
      at IncomingMessage.<anonymous> (/usr/local/lib/node_modules/yarn/lib/cli.js:141777:12)
      at Object.onceWrapper (node:events:645:28)
      at IncomingMessage.emit (node:events:538:35)
      at endReadableNT (node:internal/streams/readable:1345:12)
      at processTicksAndRejections (node:internal/process/task_queues:83:21)

npm manifest: 
  {
    "name": "talk-line-server",
    "version": "1.0.0",
    "description": "",
    "main": "index.js",
    "scripts": {
      "test": "echo \"Error: no test specified\" && exit 1"
    },
    "repository": {
      "type": "git",
      "url": "git+ssh://git@github.com/mehedisarkar2k/talk-line-server.git"
    },
    "author": "Mehedi Hasan Sarkar <mehedisarkar2k@gmail.com>",
    "license": "ISC",
    "bugs": {
      "url": "https://github.com/mehedisarkar2k/talk-line-server/issues"
    },
    "homepage": "https://github.com/mehedisarkar2k/talk-line-server#readme"
  }

yarn manifest: 
  No manifest

Lockfile: 
  No lockfile
